<?xml version="1.0" encoding="UTF-8"?>
<!-- Generated by org.testng.reporters.JUnitXMLReporter -->
<testsuite hostname="Abdou-PC" name=" End to End" tests="3" failures="0" timestamp="14 Jun 2020 21:24:31 GMT" time="120.498" errors="0">
  <testcase name="loginTest" time="15.393" classname="com.selenium.xml.LoginPage"/>
  <testcase name="getUrlTest" time="0.026" classname="com.selenium.xml.HomePage"/>
  <testcase name="checkButtonTest" time="0.13" classname="com.selenium.xml.HomePage"/>
</testsuite> <!--  End to End -->
